
img_size =

   216   256    16     1

Training UNet...
[Warning: MATLAB has disabled some advanced graphics rendering features by switching to software OpenGL. For more information, click <a href="matlab:opengl('problems')">here</a>.] 
Initializing input data normalization.
|======================================================================================================================|
|  Epoch  |  Iteration  |  Time Elapsed  |  Mini-batch  |  Validation  |  Mini-batch  |  Validation  |  Base Learning  |
|         |             |   (hh:mm:ss)   |   Accuracy   |   Accuracy   |     Loss     |     Loss     |      Rate       |
|======================================================================================================================|
|       1 |           1 |       00:00:20 |       47.52% |       48.35% |       0.9520 |       0.9433 |          0.0500 |
|       1 |          20 |       00:01:04 |       77.42% |              |       0.8191 |              |          0.0500 |
|       1 |          40 |       00:01:48 |       92.68% |              |       0.7594 |              |          0.0500 |
|       2 |          60 |       00:02:34 |       94.18% |              |       0.7737 |              |          0.0500 |
|       2 |          80 |       00:03:18 |       93.36% |              |       0.6144 |              |          0.0500 |
|       3 |         100 |       00:04:11 |       96.00% |       95.70% |       0.5145 |       0.5649 |          0.0500 |
|       3 |         120 |       00:04:56 |       97.86% |              |       0.3430 |              |          0.0500 |
|       4 |         140 |       00:05:43 |       96.93% |              |       0.5446 |              |          0.0500 |
|       4 |         160 |       00:06:28 |       97.47% |              |       0.3958 |              |          0.0500 |
|       5 |         180 |       00:07:14 |       97.14% |              |       0.4623 |              |          0.0500 |
|       5 |         200 |       00:08:05 |       96.18% |       97.57% |       0.4550 |       0.3950 |          0.0500 |
|       6 |         220 |       00:08:53 |       97.80% |              |       0.2852 |              |          0.0500 |
|       6 |         240 |       00:09:37 |       98.30% |              |       0.2587 |              |          0.0500 |
|       7 |         260 |       00:10:24 |       98.23% |              |       0.2916 |              |          0.0500 |
|       7 |         280 |       00:11:09 |       97.87% |              |       0.3665 |              |          0.0500 |
|       8 |         300 |       00:12:02 |       97.70% |       98.00% |       0.2964 |       0.3402 |          0.0500 |
|       8 |         320 |       00:12:48 |       98.35% |              |       0.2600 |              |          0.0500 |
|       9 |         340 |       00:13:34 |       98.31% |              |       0.2541 |              |          0.0500 |
|       9 |         360 |       00:14:20 |       98.52% |              |       0.2528 |              |          0.0500 |
|      10 |         380 |       00:15:06 |       98.15% |              |       0.2627 |              |          0.0500 |
|      10 |         400 |       00:15:58 |       98.76% |       98.39% |       0.2039 |       0.2666 |          0.0500 |
|      11 |         420 |       00:16:45 |       98.33% |              |       0.2153 |              |          0.0050 |
|      11 |         440 |       00:17:30 |       98.85% |              |       0.1569 |              |          0.0050 |
|      12 |         460 |       00:18:17 |       98.81% |              |       0.2108 |              |          0.0050 |
|      12 |         480 |       00:19:02 |       98.20% |              |       0.2072 |              |          0.0050 |
|      13 |         500 |       00:19:56 |       98.90% |       98.57% |       0.2065 |       0.2508 |          0.0050 |
|      13 |         520 |       00:20:42 |       98.69% |              |       0.2211 |              |          0.0050 |
|      14 |         540 |       00:21:28 |       98.85% |              |       0.2743 |              |          0.0050 |
|      14 |         560 |       00:22:13 |       98.26% |              |       0.2659 |              |          0.0050 |
|      15 |         580 |       00:23:00 |       98.45% |              |       0.3584 |              |          0.0050 |
|      15 |         600 |       00:23:52 |       98.51% |       98.56% |       0.2679 |       0.2523 |          0.0050 |
|      16 |         620 |       00:24:39 |       98.69% |              |       0.1347 |              |          0.0050 |
|      16 |         640 |       00:25:24 |       98.58% |              |       0.2488 |              |          0.0050 |
|      17 |         660 |       00:26:11 |       98.75% |              |       0.1921 |              |          0.0050 |
|      17 |         680 |       00:26:56 |       98.71% |              |       0.2355 |              |          0.0050 |
|      18 |         700 |       00:27:49 |       98.84% |       98.56% |       0.1435 |       0.2519 |          0.0050 |
|      18 |         720 |       00:28:35 |       98.38% |              |       0.2048 |              |          0.0050 |
|      19 |         740 |       00:29:22 |       98.83% |              |       0.2001 |              |          0.0050 |
|      19 |         760 |       00:30:07 |       99.01% |              |       0.1959 |              |          0.0050 |
|      20 |         780 |       00:30:54 |       98.75% |              |       0.1856 |              |          0.0050 |
|      20 |         800 |       00:31:46 |       98.61% |       98.59% |       0.1731 |       0.2485 |          0.0050 |
|      21 |         820 |       00:32:33 |       98.73% |              |       0.2072 |              |          0.0005 |
|      21 |         840 |       00:33:19 |       99.12% |              |       0.1736 |              |          0.0005 |
|      22 |         860 |       00:34:06 |       98.76% |              |       0.2519 |              |          0.0005 |
|      22 |         880 |       00:34:51 |       98.95% |              |       0.1358 |              |          0.0005 |
|      23 |         900 |       00:35:44 |       98.97% |       98.66% |       0.1956 |       0.2446 |          0.0005 |
|      23 |         920 |       00:36:30 |       98.99% |              |       0.1738 |              |          0.0005 |
|      24 |         940 |       00:37:17 |       99.00% |              |       0.1739 |              |          0.0005 |
|      24 |         960 |       00:38:02 |       98.99% |              |       0.1739 |              |          0.0005 |
|      25 |         980 |       00:38:48 |       99.03% |              |       0.1848 |              |          0.0005 |
|      25 |        1000 |       00:39:40 |       99.02% |       98.55% |       0.1498 |       0.2540 |          0.0005 |
|      26 |        1020 |       00:40:27 |       98.50% |              |       0.2296 |              |          0.0005 |
|      26 |        1040 |       00:41:12 |       99.05% |              |       0.1956 |              |          0.0005 |
|      27 |        1060 |       00:41:59 |       98.87% |              |       0.1613 |              |          0.0005 |
|      27 |        1080 |       00:42:44 |       98.80% |              |       0.2547 |              |          0.0005 |
|      28 |        1100 |       00:43:38 |       98.86% |       98.59% |       0.1831 |       0.2403 |          0.0005 |
|      28 |        1120 |       00:44:23 |       98.76% |              |       0.1883 |              |          0.0005 |
|      29 |        1140 |       00:45:10 |       98.88% |              |       0.2475 |              |          0.0005 |
|      29 |        1160 |       00:45:55 |       98.79% |              |       0.1782 |              |          0.0005 |
|      30 |        1180 |       00:46:42 |       99.14% |              |       0.1718 |              |          0.0005 |
|      30 |        1200 |       00:47:34 |       98.86% |       98.60% |       0.2899 |       0.2473 |          0.0005 |
|      31 |        1220 |       00:48:21 |       98.71% |              |       0.1848 |              |      5.0000e-05 |
|      31 |        1240 |       00:49:06 |       98.76% |              |       0.1632 |              |      5.0000e-05 |
|      32 |        1260 |       00:49:53 |       98.65% |              |       0.1676 |              |      5.0000e-05 |
|      32 |        1280 |       00:50:38 |       98.90% |              |       0.1751 |              |      5.0000e-05 |
|      33 |        1300 |       00:51:31 |       98.68% |       98.62% |       0.2360 |       0.2417 |      5.0000e-05 |
|      33 |        1320 |       00:52:18 |       99.08% |              |       0.1503 |              |      5.0000e-05 |
|      34 |        1340 |       00:53:04 |       99.11% |              |       0.1813 |              |      5.0000e-05 |
|      34 |        1360 |       00:53:49 |       98.77% |              |       0.2396 |              |      5.0000e-05 |
|      35 |        1380 |       00:54:36 |       98.45% |              |       0.2095 |              |      5.0000e-05 |
|      35 |        1400 |       00:55:28 |       98.81% |       98.61% |       0.1251 |       0.2387 |      5.0000e-05 |
|      36 |        1420 |       00:56:15 |       98.56% |              |       0.1723 |              |      5.0000e-05 |
|      36 |        1440 |       00:57:00 |       98.76% |              |       0.1700 |              |      5.0000e-05 |
|      37 |        1460 |       00:57:47 |       98.89% |              |       0.2140 |              |      5.0000e-05 |
|      37 |        1480 |       00:58:32 |       98.99% |              |       0.1513 |              |      5.0000e-05 |
|      38 |        1500 |       00:59:25 |       98.52% |       98.61% |       0.2299 |       0.2448 |      5.0000e-05 |
|      38 |        1520 |       01:00:12 |       98.66% |              |       0.2311 |              |      5.0000e-05 |
|      39 |        1540 |       01:00:58 |       99.06% |              |       0.1734 |              |      5.0000e-05 |
|      39 |        1560 |       01:01:43 |       98.58% |              |       0.2265 |              |      5.0000e-05 |
|      40 |        1580 |       01:02:31 |       98.86% |              |       0.1665 |              |      5.0000e-05 |
|      40 |        1600 |       01:03:23 |       98.68% |       98.61% |       0.2052 |       0.2425 |      5.0000e-05 |
|      41 |        1620 |       01:04:10 |       98.97% |              |       0.1650 |              |      5.0000e-06 |
|      41 |        1640 |       01:04:55 |       98.92% |              |       0.2083 |              |      5.0000e-06 |
|      42 |        1660 |       01:05:42 |       98.84% |              |       0.1943 |              |      5.0000e-06 |
|      42 |        1680 |       01:06:27 |       98.87% |              |       0.2026 |              |      5.0000e-06 |
|      43 |        1700 |       01:07:20 |       98.62% |       98.63% |       0.1874 |       0.2434 |      5.0000e-06 |
|      43 |        1720 |       01:08:06 |       98.86% |              |       0.1931 |              |      5.0000e-06 |
|      44 |        1740 |       01:08:53 |       98.56% |              |       0.1712 |              |      5.0000e-06 |
|      44 |        1760 |       01:09:38 |       98.69% |              |       0.1663 |              |      5.0000e-06 |
|      45 |        1780 |       01:10:25 |       98.90% |              |       0.1894 |              |      5.0000e-06 |
|      45 |        1800 |       01:11:17 |       98.55% |       98.60% |       0.2007 |       0.2423 |      5.0000e-06 |
|      46 |        1820 |       01:12:04 |       98.82% |              |       0.2151 |              |      5.0000e-06 |
|      46 |        1840 |       01:12:49 |       98.22% |              |       0.2177 |              |      5.0000e-06 |
|      47 |        1860 |       01:13:36 |       98.19% |              |       0.2349 |              |      5.0000e-06 |
|      47 |        1880 |       01:14:21 |       98.97% |              |       0.1711 |              |      5.0000e-06 |
|      48 |        1900 |       01:15:14 |       98.97% |       98.57% |       0.1839 |       0.2426 |      5.0000e-06 |
|      48 |        1920 |       01:16:00 |       98.85% |              |       0.2031 |              |      5.0000e-06 |
|      49 |        1940 |       01:16:47 |       98.85% |              |       0.1744 |              |      5.0000e-06 |
|      49 |        1960 |       01:17:32 |       98.74% |              |       0.1398 |              |      5.0000e-06 |
|      50 |        1980 |       01:18:18 |       99.02% |              |       0.1831 |              |      5.0000e-06 |
|      50 |        2000 |       01:19:10 |       98.71% |       98.61% |       0.2494 |       0.2493 |      5.0000e-06 |
|      51 |        2020 |       01:19:57 |       98.73% |              |       0.2228 |              |      5.0000e-07 |
|      51 |        2040 |       01:20:42 |       99.15% |              |       0.1562 |              |      5.0000e-07 |
|      52 |        2060 |       01:21:29 |       98.80% |              |       0.1734 |              |      5.0000e-07 |
|      52 |        2080 |       01:22:14 |       98.86% |              |       0.1515 |              |      5.0000e-07 |
|      53 |        2100 |       01:23:07 |       98.72% |       98.60% |       0.1819 |       0.2472 |      5.0000e-07 |
|      53 |        2120 |       01:23:53 |       98.32% |              |       0.1996 |              |      5.0000e-07 |
|      54 |        2140 |       01:24:40 |       98.82% |              |       0.1729 |              |      5.0000e-07 |
|      54 |        2160 |       01:25:25 |       99.16% |              |       0.1235 |              |      5.0000e-07 |
|      55 |        2180 |       01:26:12 |       98.73% |              |       0.2078 |              |      5.0000e-07 |
|      55 |        2200 |       01:27:04 |       98.94% |       98.60% |       0.1526 |       0.2470 |      5.0000e-07 |
|      56 |        2220 |       01:27:51 |       99.22% |              |       0.1594 |              |      5.0000e-07 |
|      56 |        2240 |       01:28:36 |       98.86% |              |       0.1782 |              |      5.0000e-07 |
|      57 |        2260 |       01:29:23 |       98.93% |              |       0.1760 |              |      5.0000e-07 |
|      57 |        2280 |       01:30:08 |       98.46% |              |       0.2130 |              |      5.0000e-07 |
|      58 |        2300 |       01:31:01 |       99.06% |       98.62% |       0.1848 |       0.2448 |      5.0000e-07 |
|      58 |        2320 |       01:31:47 |       99.12% |              |       0.1432 |              |      5.0000e-07 |
|      59 |        2340 |       01:32:34 |       98.95% |              |       0.1596 |              |      5.0000e-07 |
|      59 |        2360 |       01:33:19 |       98.53% |              |       0.2052 |              |      5.0000e-07 |
|      60 |        2380 |       01:34:06 |       99.01% |              |       0.1133 |              |      5.0000e-07 |
|      60 |        2400 |       01:34:58 |       99.07% |       98.57% |       0.1589 |       0.2508 |      5.0000e-07 |
|      61 |        2420 |       01:35:45 |       98.77% |              |       0.2046 |              |      5.0000e-08 |
|      61 |        2440 |       01:36:30 |       98.70% |              |       0.2403 |              |      5.0000e-08 |
|      62 |        2460 |       01:37:16 |       99.22% |              |       0.1439 |              |      5.0000e-08 |
|      62 |        2480 |       01:38:02 |       98.58% |              |       0.1941 |              |      5.0000e-08 |
|      63 |        2500 |       01:38:55 |       98.90% |       98.58% |       0.1450 |       0.2409 |      5.0000e-08 |
|      63 |        2520 |       01:39:40 |       98.79% |              |       0.2247 |              |      5.0000e-08 |
|      64 |        2540 |       01:40:27 |       98.89% |              |       0.1722 |              |      5.0000e-08 |
|      64 |        2560 |       01:41:12 |       99.04% |              |       0.1544 |              |      5.0000e-08 |
|      65 |        2580 |       01:41:59 |       98.66% |              |       0.1816 |              |      5.0000e-08 |
|      65 |        2600 |       01:42:51 |       98.07% |       98.54% |       0.2319 |       0.2466 |      5.0000e-08 |
|      66 |        2620 |       01:43:38 |       98.95% |              |       0.1675 |              |      5.0000e-08 |
|      66 |        2640 |       01:44:23 |       98.70% |              |       0.1965 |              |      5.0000e-08 |
|      67 |        2660 |       01:45:10 |       99.03% |              |       0.1790 |              |      5.0000e-08 |
|      67 |        2680 |       01:45:55 |       99.13% |              |       0.1399 |              |      5.0000e-08 |
|      68 |        2700 |       01:46:49 |       99.17% |       98.57% |       0.1322 |       0.2474 |      5.0000e-08 |
|      68 |        2720 |       01:47:34 |       99.10% |              |       0.1749 |              |      5.0000e-08 |
|      69 |        2740 |       01:48:21 |       98.57% |              |       0.1847 |              |      5.0000e-08 |
|      69 |        2760 |       01:49:06 |       99.14% |              |       0.1571 |              |      5.0000e-08 |
|      70 |        2780 |       01:49:53 |       98.86% |              |       0.1870 |              |      5.0000e-08 |
|      70 |        2800 |       01:50:45 |       99.02% |       98.63% |       0.2007 |       0.2469 |      5.0000e-08 |
|      71 |        2820 |       01:51:32 |       98.78% |              |       0.1988 |              |      5.0000e-09 |
|      71 |        2840 |       01:52:17 |       98.51% |              |       0.2003 |              |      5.0000e-09 |
|      72 |        2860 |       01:53:04 |       98.92% |              |       0.1488 |              |      5.0000e-09 |
|      72 |        2880 |       01:53:49 |       98.72% |              |       0.1983 |              |      5.0000e-09 |
|      73 |        2900 |       01:54:43 |       98.60% |       98.65% |       0.1820 |       0.2412 |      5.0000e-09 |
|      73 |        2920 |       01:55:29 |       98.66% |              |       0.2510 |              |      5.0000e-09 |
|      74 |        2940 |       01:56:16 |       99.10% |              |       0.1384 |              |      5.0000e-09 |
|      74 |        2960 |       01:57:01 |       99.18% |              |       0.1312 |              |      5.0000e-09 |
|      75 |        2980 |       01:57:47 |       98.96% |              |       0.2119 |              |      5.0000e-09 |
|      75 |        3000 |       01:58:39 |       98.92% |       98.59% |       0.1423 |       0.2506 |      5.0000e-09 |
|      76 |        3020 |       01:59:26 |       98.73% |              |       0.1856 |              |      5.0000e-09 |
|      76 |        3040 |       02:00:12 |       98.85% |              |       0.1452 |              |      5.0000e-09 |
|      77 |        3060 |       02:00:58 |       98.91% |              |       0.1601 |              |      5.0000e-09 |
|      77 |        3080 |       02:01:44 |       98.44% |              |       0.2337 |              |      5.0000e-09 |
|      78 |        3100 |       02:02:37 |       98.52% |       98.57% |       0.2674 |       0.2506 |      5.0000e-09 |
|      78 |        3120 |       02:03:22 |       99.17% |              |       0.1578 |              |      5.0000e-09 |
|      79 |        3140 |       02:04:09 |       99.00% |              |       0.1999 |              |      5.0000e-09 |
|      79 |        3160 |       02:04:54 |       98.58% |              |       0.2088 |              |      5.0000e-09 |
|      80 |        3180 |       02:05:41 |       99.08% |              |       0.1827 |              |      5.0000e-09 |
|      80 |        3200 |       02:06:33 |       98.97% |       98.61% |       0.2089 |       0.2430 |      5.0000e-09 |
|      81 |        3220 |       02:07:20 |       98.92% |              |       0.1891 |              |      5.0000e-10 |
|      81 |        3240 |       02:08:05 |       98.63% |              |       0.2801 |              |      5.0000e-10 |
|      82 |        3260 |       02:08:52 |       99.07% |              |       0.1496 |              |      5.0000e-10 |
|      82 |        3280 |       02:09:37 |       99.02% |              |       0.1626 |              |      5.0000e-10 |
|      83 |        3300 |       02:10:30 |       98.94% |       98.55% |       0.2073 |       0.2425 |      5.0000e-10 |
|      83 |        3320 |       02:11:16 |       98.92% |              |       0.1547 |              |      5.0000e-10 |
|      84 |        3340 |       02:12:03 |       98.76% |              |       0.2055 |              |      5.0000e-10 |
|      84 |        3360 |       02:12:48 |       99.12% |              |       0.1738 |              |      5.0000e-10 |
|      85 |        3380 |       02:13:35 |       98.97% |              |       0.1600 |              |      5.0000e-10 |
|      85 |        3400 |       02:14:26 |       99.11% |       98.57% |       0.1363 |       0.2427 |      5.0000e-10 |
|      86 |        3420 |       02:15:14 |       98.92% |              |       0.1437 |              |      5.0000e-10 |
|      86 |        3440 |       02:15:59 |       99.07% |              |       0.1444 |              |      5.0000e-10 |
|      87 |        3460 |       02:16:46 |       99.02% |              |       0.1808 |              |      5.0000e-10 |
|      87 |        3480 |       02:17:31 |       98.80% |              |       0.1815 |              |      5.0000e-10 |
|      88 |        3500 |       02:18:24 |       99.00% |       98.60% |       0.1940 |       0.2444 |      5.0000e-10 |
|      88 |        3520 |       02:19:09 |       99.02% |              |       0.1404 |              |      5.0000e-10 |
|      89 |        3540 |       02:19:56 |       98.89% |              |       0.2254 |              |      5.0000e-10 |
|      89 |        3560 |       02:20:41 |       98.68% |              |       0.1881 |              |      5.0000e-10 |
|      90 |        3580 |       02:21:28 |       98.89% |              |       0.1563 |              |      5.0000e-10 |
|      90 |        3600 |       02:22:20 |       99.18% |       98.56% |       0.1532 |       0.2438 |      5.0000e-10 |
|      91 |        3620 |       02:23:07 |       98.48% |              |       0.2102 |              |      5.0000e-11 |
|      91 |        3640 |       02:23:52 |       98.74% |              |       0.1957 |              |      5.0000e-11 |
|      92 |        3660 |       02:24:39 |       98.92% |              |       0.2164 |              |      5.0000e-11 |
|      92 |        3680 |       02:25:24 |       98.85% |              |       0.1692 |              |      5.0000e-11 |
|      93 |        3700 |       02:26:17 |       98.69% |       98.62% |       0.2247 |       0.2430 |      5.0000e-11 |
|      93 |        3720 |       02:27:03 |       99.05% |              |       0.1487 |              |      5.0000e-11 |
|      94 |        3740 |       02:27:50 |       99.02% |              |       0.2045 |              |      5.0000e-11 |
|      94 |        3760 |       02:28:35 |       98.68% |              |       0.2009 |              |      5.0000e-11 |
|      95 |        3780 |       02:29:22 |       98.86% |              |       0.2206 |              |      5.0000e-11 |
|      95 |        3800 |       02:30:13 |       98.73% |       98.60% |       0.1620 |       0.2417 |      5.0000e-11 |
|      96 |        3820 |       02:31:00 |       99.04% |              |       0.1676 |              |      5.0000e-11 |
|      96 |        3840 |       02:31:46 |       99.04% |              |       0.1494 |              |      5.0000e-11 |
|      97 |        3860 |       02:32:32 |       98.89% |              |       0.1638 |              |      5.0000e-11 |
|      97 |        3880 |       02:33:17 |       99.19% |              |       0.1686 |              |      5.0000e-11 |
|      98 |        3900 |       02:34:10 |       98.93% |       98.66% |       0.1669 |       0.2407 |      5.0000e-11 |
|      98 |        3920 |       02:34:56 |       98.78% |              |       0.2013 |              |      5.0000e-11 |
|      99 |        3940 |       02:35:43 |       97.98% |              |       0.2301 |              |      5.0000e-11 |
|      99 |        3960 |       02:36:28 |       98.88% |              |       0.1524 |              |      5.0000e-11 |
|     100 |        3980 |       02:37:15 |       98.93% |              |       0.1633 |              |      5.0000e-11 |
|     100 |        4000 |       02:38:06 |       99.02% |       98.64% |       0.1570 |       0.2420 |      5.0000e-11 |
|     101 |        4020 |       02:38:53 |       99.05% |              |       0.1870 |              |      5.0000e-12 |
|     101 |        4040 |       02:39:39 |       98.75% |              |       0.2042 |              |      5.0000e-12 |
|     102 |        4060 |       02:40:25 |       99.00% |              |       0.1286 |              |      5.0000e-12 |
|     102 |        4080 |       02:41:10 |       98.91% |              |       0.1689 |              |      5.0000e-12 |
|     103 |        4100 |       02:42:04 |       98.95% |       98.63% |       0.1997 |       0.2412 |      5.0000e-12 |
|     103 |        4120 |       02:42:50 |       98.68% |              |       0.2286 |              |      5.0000e-12 |
|     104 |        4140 |       02:43:36 |       98.79% |              |       0.1846 |              |      5.0000e-12 |
|     104 |        4160 |       02:44:21 |       98.74% |              |       0.1763 |              |      5.0000e-12 |
|     105 |        4180 |       02:45:08 |       98.83% |              |       0.2188 |              |      5.0000e-12 |
|     105 |        4200 |       02:46:00 |       98.46% |       98.64% |       0.1910 |       0.2420 |      5.0000e-12 |
|     106 |        4220 |       02:46:47 |       98.81% |              |       0.1817 |              |      5.0000e-12 |
|     106 |        4240 |       02:47:32 |       99.01% |              |       0.2047 |              |      5.0000e-12 |
|     107 |        4260 |       02:48:19 |       98.90% |              |       0.1678 |              |      5.0000e-12 |
|     107 |        4280 |       02:49:04 |       98.94% |              |       0.1734 |              |      5.0000e-12 |
|     108 |        4300 |       02:49:57 |       99.00% |       98.54% |       0.1689 |       0.2409 |      5.0000e-12 |
|     108 |        4320 |       02:50:43 |       99.00% |              |       0.1630 |              |      5.0000e-12 |
|     109 |        4340 |       02:51:30 |       98.68% |              |       0.2187 |              |      5.0000e-12 |
|     109 |        4360 |       02:52:15 |       98.92% |              |       0.2138 |              |      5.0000e-12 |
|     110 |        4380 |       02:53:02 |       98.27% |              |       0.2416 |              |      5.0000e-12 |
|     110 |        4400 |       02:53:53 |       98.90% |       98.60% |       0.1783 |       0.2423 |      5.0000e-12 |
|     111 |        4420 |       02:54:41 |       98.86% |              |       0.1270 |              |      5.0000e-13 |
|     111 |        4440 |       02:55:26 |       98.67% |              |       0.1794 |              |      5.0000e-13 |
|     112 |        4460 |       02:56:12 |       98.95% |              |       0.1764 |              |      5.0000e-13 |
|     112 |        4480 |       02:56:58 |       98.75% |              |       0.1698 |              |      5.0000e-13 |
|     113 |        4500 |       02:57:51 |       98.66% |       98.59% |       0.1915 |       0.2425 |      5.0000e-13 |
|     113 |        4520 |       02:58:36 |       98.86% |              |       0.1638 |              |      5.0000e-13 |
|     114 |        4540 |       02:59:23 |       98.85% |              |       0.1585 |              |      5.0000e-13 |
|     114 |        4560 |       03:00:08 |       98.51% |              |       0.2133 |              |      5.0000e-13 |
|     115 |        4580 |       03:00:55 |       99.24% |              |       0.1643 |              |      5.0000e-13 |
|     115 |        4600 |       03:01:46 |       98.73% |       98.62% |       0.1487 |       0.2420 |      5.0000e-13 |
|     116 |        4620 |       03:02:33 |       99.01% |              |       0.1546 |              |      5.0000e-13 |
|     116 |        4640 |       03:03:19 |       99.09% |              |       0.2019 |              |      5.0000e-13 |
|     117 |        4660 |       03:04:05 |       98.67% |              |       0.2448 |              |      5.0000e-13 |
|     117 |        4680 |       03:04:50 |       98.77% |              |       0.1985 |              |      5.0000e-13 |
|     118 |        4700 |       03:05:43 |       98.89% |       98.62% |       0.2135 |       0.2421 |      5.0000e-13 |
|     118 |        4720 |       03:06:29 |       98.70% |              |       0.1665 |              |      5.0000e-13 |
|     119 |        4740 |       03:07:16 |       98.44% |              |       0.1638 |              |      5.0000e-13 |
|     119 |        4760 |       03:08:01 |       98.71% |              |       0.2128 |              |      5.0000e-13 |
|     120 |        4780 |       03:08:48 |       99.19% |              |       0.1730 |              |      5.0000e-13 |
|     120 |        4800 |       03:09:40 |       98.72% |       98.64% |       0.2698 |       0.2423 |      5.0000e-13 |
|     121 |        4820 |       03:10:27 |       99.05% |              |       0.1726 |              |      5.0000e-14 |
|     121 |        4840 |       03:11:12 |       98.84% |              |       0.1942 |              |      5.0000e-14 |
|     122 |        4860 |       03:11:59 |       98.33% |              |       0.2098 |              |      5.0000e-14 |
|     122 |        4880 |       03:12:44 |       98.90% |              |       0.1638 |              |      5.0000e-14 |
|     123 |        4900 |       03:13:37 |       98.77% |       98.64% |       0.1581 |       0.2415 |      5.0000e-14 |
|     123 |        4920 |       03:14:23 |       98.89% |              |       0.1501 |              |      5.0000e-14 |
|     124 |        4940 |       03:15:10 |       99.09% |              |       0.1712 |              |      5.0000e-14 |
|     124 |        4960 |       03:15:55 |       98.46% |              |       0.1562 |              |      5.0000e-14 |
|     125 |        4980 |       03:16:42 |       98.85% |              |       0.1737 |              |      5.0000e-14 |
|     125 |        5000 |       03:17:33 |       99.09% |       98.62% |       0.1322 |       0.2490 |      5.0000e-14 |
|     126 |        5020 |       03:18:20 |       98.62% |              |       0.1787 |              |      5.0000e-14 |
|     126 |        5040 |       03:19:06 |       98.81% |              |       0.2195 |              |      5.0000e-14 |
|     127 |        5060 |       03:19:52 |       98.36% |              |       0.2587 |              |      5.0000e-14 |
|     127 |        5080 |       03:20:38 |       98.73% |              |       0.1977 |              |      5.0000e-14 |
|     128 |        5100 |       03:21:31 |       98.82% |       98.64% |       0.1826 |       0.2362 |      5.0000e-14 |
|     128 |        5120 |       03:22:17 |       99.09% |              |       0.1312 |              |      5.0000e-14 |
|     129 |        5140 |       03:23:03 |       98.68% |              |       0.2784 |              |      5.0000e-14 |
|     129 |        5160 |       03:23:49 |       98.49% |              |       0.1998 |              |      5.0000e-14 |
|     130 |        5180 |       03:24:35 |       99.06% |              |       0.1709 |              |      5.0000e-14 |
|     130 |        5200 |       03:25:27 |       99.17% |       98.60% |       0.1878 |       0.2423 |      5.0000e-14 |
|     131 |        5220 |       03:26:14 |       99.20% |              |       0.1981 |              |      5.0000e-15 |
|     131 |        5240 |       03:26:59 |       98.95% |              |       0.1653 |              |      5.0000e-15 |
|     132 |        5260 |       03:27:47 |       98.48% |              |       0.1898 |              |      5.0000e-15 |
|     132 |        5280 |       03:28:32 |       98.67% |              |       0.2224 |              |      5.0000e-15 |
|     133 |        5300 |       03:29:26 |       99.02% |       98.62% |       0.1498 |       0.2452 |      5.0000e-15 |
|     133 |        5320 |       03:30:11 |       98.77% |              |       0.1553 |              |      5.0000e-15 |
|     134 |        5340 |       03:30:58 |       99.02% |              |       0.1339 |              |      5.0000e-15 |
|     134 |        5360 |       03:31:43 |       98.66% |              |       0.1636 |              |      5.0000e-15 |
|     135 |        5380 |       03:32:30 |       98.90% |              |       0.1392 |              |      5.0000e-15 |
|     135 |        5400 |       03:33:21 |       98.04% |       98.63% |       0.2415 |       0.2408 |      5.0000e-15 |
|     136 |        5420 |       03:34:09 |       98.65% |              |       0.2465 |              |      5.0000e-15 |
|     136 |        5440 |       03:34:54 |       98.78% |              |       0.2194 |              |      5.0000e-15 |
|     137 |        5460 |       03:35:40 |       98.42% |              |       0.1853 |              |      5.0000e-15 |
|     137 |        5480 |       03:36:25 |       98.68% |              |       0.2579 |              |      5.0000e-15 |
|     138 |        5500 |       03:37:19 |       98.89% |       98.60% |       0.1733 |       0.2502 |      5.0000e-15 |
|     138 |        5520 |       03:38:05 |       98.72% |              |       0.2673 |              |      5.0000e-15 |
|     139 |        5540 |       03:38:51 |       98.75% |              |       0.2157 |              |      5.0000e-15 |
|     139 |        5560 |       03:39:37 |       99.04% |              |       0.1466 |              |      5.0000e-15 |
|     140 |        5580 |       03:40:24 |       98.85% |              |       0.1616 |              |      5.0000e-15 |
|     140 |        5600 |       03:41:15 |       99.10% |       98.61% |       0.1784 |       0.2439 |      5.0000e-15 |
|     141 |        5620 |       03:42:02 |       98.69% |              |       0.2228 |              |      5.0000e-16 |
|     141 |        5640 |       03:42:48 |       99.19% |              |       0.1767 |              |      5.0000e-16 |
|     142 |        5660 |       03:43:34 |       98.79% |              |       0.2072 |              |      5.0000e-16 |
|     142 |        5680 |       03:44:20 |       98.64% |              |       0.1790 |              |      5.0000e-16 |
|     143 |        5700 |       03:45:13 |       98.58% |       98.61% |       0.2233 |       0.2476 |      5.0000e-16 |
|     143 |        5720 |       03:45:58 |       98.56% |              |       0.1484 |              |      5.0000e-16 |
|     144 |        5740 |       03:46:45 |       98.84% |              |       0.1741 |              |      5.0000e-16 |
|     144 |        5760 |       03:47:30 |       98.79% |              |       0.1791 |              |      5.0000e-16 |
|     145 |        5780 |       03:48:17 |       98.95% |              |       0.1996 |              |      5.0000e-16 |
|     145 |        5800 |       03:49:09 |       98.95% |       98.61% |       0.1803 |       0.2418 |      5.0000e-16 |
|     146 |        5820 |       03:49:56 |       98.89% |              |       0.1845 |              |      5.0000e-16 |
|     146 |        5840 |       03:50:41 |       98.84% |              |       0.1889 |              |      5.0000e-16 |
|     147 |        5860 |       03:51:28 |       99.00% |              |       0.1998 |              |      5.0000e-16 |
|     147 |        5880 |       03:52:13 |       98.89% |              |       0.1629 |              |      5.0000e-16 |
|     148 |        5900 |       03:53:06 |       98.81% |       98.60% |       0.1844 |       0.2391 |      5.0000e-16 |
|     148 |        5920 |       03:53:52 |       98.92% |              |       0.1595 |              |      5.0000e-16 |
|     149 |        5940 |       03:54:39 |       98.98% |              |       0.1394 |              |      5.0000e-16 |
|     149 |        5960 |       03:55:24 |       98.96% |              |       0.1650 |              |      5.0000e-16 |
|     150 |        5980 |       03:56:11 |       98.66% |              |       0.1944 |              |      5.0000e-16 |
|     150 |        6000 |       03:57:02 |       98.50% |       98.59% |       0.1944 |       0.2450 |      5.0000e-16 |
|     151 |        6020 |       03:57:50 |       98.78% |              |       0.1611 |              |      5.0000e-17 |
|     151 |        6040 |       03:58:35 |       99.05% |              |       0.2325 |              |      5.0000e-17 |
|     152 |        6060 |       03:59:22 |       98.79% |              |       0.1767 |              |      5.0000e-17 |
|     152 |        6080 |       04:00:07 |       98.76% |              |       0.2058 |              |      5.0000e-17 |
|     153 |        6100 |       04:01:00 |       98.90% |       98.59% |       0.1444 |       0.2428 |      5.0000e-17 |
|     153 |        6120 |       04:01:46 |       98.89% |              |       0.1890 |              |      5.0000e-17 |
|     154 |        6140 |       04:02:33 |       99.00% |              |       0.1699 |              |      5.0000e-17 |
|     154 |        6160 |       04:03:18 |       98.72% |              |       0.2237 |              |      5.0000e-17 |
|     155 |        6180 |       04:04:05 |       99.16% |              |       0.1696 |              |      5.0000e-17 |
|     155 |        6200 |       04:04:56 |       98.62% |       98.62% |       0.2604 |       0.2405 |      5.0000e-17 |
|     156 |        6220 |       04:05:43 |       98.69% |              |       0.2457 |              |      5.0000e-17 |
|     156 |        6240 |       04:06:29 |       98.93% |              |       0.2163 |              |      5.0000e-17 |
|     157 |        6260 |       04:07:15 |       98.86% |              |       0.1535 |              |      5.0000e-17 |
|     157 |        6280 |       04:08:00 |       98.93% |              |       0.1461 |              |      5.0000e-17 |
|     158 |        6300 |       04:08:54 |       98.50% |       98.59% |       0.2120 |       0.2399 |      5.0000e-17 |
|     158 |        6320 |       04:09:39 |       99.03% |              |       0.1144 |              |      5.0000e-17 |
|     159 |        6340 |       04:10:26 |       98.81% |              |       0.2015 |              |      5.0000e-17 |
|     159 |        6360 |       04:11:11 |       98.73% |              |       0.2320 |              |      5.0000e-17 |
|     160 |        6380 |       04:11:58 |       98.84% |              |       0.1587 |              |      5.0000e-17 |
|     160 |        6400 |       04:12:49 |       98.93% |       98.57% |       0.1687 |       0.2463 |      5.0000e-17 |
|     161 |        6420 |       04:13:36 |       98.62% |              |       0.1638 |              |      5.0000e-18 |
|     161 |        6440 |       04:14:21 |       99.04% |              |       0.1641 |              |      5.0000e-18 |
|     162 |        6460 |       04:15:08 |       98.50% |              |       0.1781 |              |      5.0000e-18 |
|     162 |        6480 |       04:15:53 |       99.10% |              |       0.1395 |              |      5.0000e-18 |
|     163 |        6500 |       04:16:47 |       98.66% |       98.59% |       0.2120 |       0.2470 |      5.0000e-18 |
|     163 |        6520 |       04:17:32 |       98.81% |              |       0.1902 |              |      5.0000e-18 |
|     164 |        6540 |       04:18:19 |       99.01% |              |       0.1510 |              |      5.0000e-18 |
|     164 |        6560 |       04:19:04 |       98.99% |              |       0.1713 |              |      5.0000e-18 |
|     165 |        6580 |       04:19:51 |       98.82% |              |       0.1565 |              |      5.0000e-18 |
|     165 |        6600 |       04:20:43 |       98.58% |       98.64% |       0.2202 |       0.2390 |      5.0000e-18 |
|     166 |        6620 |       04:21:30 |       98.83% |              |       0.2652 |              |      5.0000e-18 |
|     166 |        6640 |       04:22:15 |       99.05% |              |       0.1728 |              |      5.0000e-18 |
|     167 |        6660 |       04:23:02 |       99.23% |              |       0.1619 |              |      5.0000e-18 |
|     167 |        6680 |       04:23:47 |       99.11% |              |       0.2081 |              |      5.0000e-18 |
|     168 |        6700 |       04:24:40 |       99.16% |       98.60% |       0.1413 |       0.2454 |      5.0000e-18 |
|     168 |        6720 |       04:25:26 |       98.70% |              |       0.2771 |              |      5.0000e-18 |
|     169 |        6740 |       04:26:13 |       98.92% |              |       0.1680 |              |      5.0000e-18 |
|     169 |        6760 |       04:26:58 |       98.68% |              |       0.2611 |              |      5.0000e-18 |
|     170 |        6780 |       04:27:45 |       99.12% |              |       0.1700 |              |      5.0000e-18 |
|     170 |        6800 |       04:28:37 |       99.04% |       98.65% |       0.1894 |       0.2422 |      5.0000e-18 |
|     171 |        6820 |       04:29:24 |       98.67% |              |       0.2363 |              |      5.0000e-19 |
|     171 |        6840 |       04:30:09 |       98.67% |              |       0.1903 |              |      5.0000e-19 |
|     172 |        6860 |       04:30:56 |       98.94% |              |       0.2049 |              |      5.0000e-19 |
|     172 |        6880 |       04:31:41 |       99.01% |              |       0.1534 |              |      5.0000e-19 |
|     173 |        6900 |       04:32:34 |       98.91% |       98.61% |       0.1583 |       0.2439 |      5.0000e-19 |
|     173 |        6920 |       04:33:20 |       98.79% |              |       0.2125 |              |      5.0000e-19 |
|     174 |        6940 |       04:34:07 |       98.59% |              |       0.3246 |              |      5.0000e-19 |
|     174 |        6960 |       04:34:52 |       98.42% |              |       0.2742 |              |      5.0000e-19 |
|     175 |        6980 |       04:35:39 |       98.99% |              |       0.1767 |              |      5.0000e-19 |
|     175 |        7000 |       04:36:30 |       98.82% |       98.62% |       0.2403 |       0.2392 |      5.0000e-19 |
|     176 |        7020 |       04:37:18 |       98.99% |              |       0.1465 |              |      5.0000e-19 |
|     176 |        7040 |       04:38:03 |       98.91% |              |       0.2198 |              |      5.0000e-19 |
|     177 |        7060 |       04:38:50 |       98.62% |              |       0.2037 |              |      5.0000e-19 |
|     177 |        7080 |       04:39:35 |       98.92% |              |       0.1534 |              |      5.0000e-19 |
|     178 |        7100 |       04:40:28 |       98.90% |       98.58% |       0.2070 |       0.2369 |      5.0000e-19 |
|     178 |        7120 |       04:41:14 |       99.08% |              |       0.1587 |              |      5.0000e-19 |
|     179 |        7140 |       04:42:00 |       98.43% |              |       0.2240 |              |      5.0000e-19 |
|     179 |        7160 |       04:42:45 |       98.99% |              |       0.1350 |              |      5.0000e-19 |
|     180 |        7180 |       04:43:32 |       98.17% |              |       0.1827 |              |      5.0000e-19 |
|     180 |        7200 |       04:44:24 |       98.68% |       98.57% |       0.2502 |       0.2475 |      5.0000e-19 |
|     181 |        7220 |       04:45:11 |       98.97% |              |       0.1389 |              |      5.0000e-20 |
|     181 |        7240 |       04:45:56 |       98.82% |              |       0.1651 |              |      5.0000e-20 |
|     182 |        7260 |       04:46:43 |       98.85% |              |       0.2179 |              |      5.0000e-20 |
|     182 |        7280 |       04:47:28 |       98.77% |              |       0.1643 |              |      5.0000e-20 |
|     183 |        7300 |       04:48:21 |       98.86% |       98.62% |       0.1786 |       0.2453 |      5.0000e-20 |
|     183 |        7320 |       04:49:07 |       98.70% |              |       0.1974 |              |      5.0000e-20 |
|     184 |        7340 |       04:49:54 |       98.89% |              |       0.1959 |              |      5.0000e-20 |
|     184 |        7360 |       04:50:39 |       99.11% |              |       0.1575 |              |      5.0000e-20 |
|     185 |        7380 |       04:51:26 |       99.01% |              |       0.1482 |              |      5.0000e-20 |
|     185 |        7400 |       04:52:17 |       98.36% |       98.62% |       0.2367 |       0.2408 |      5.0000e-20 |
|     186 |        7420 |       04:53:04 |       98.66% |              |       0.2335 |              |      5.0000e-20 |
|     186 |        7440 |       04:53:50 |       98.87% |              |       0.1438 |              |      5.0000e-20 |
|     187 |        7460 |       04:54:36 |       98.94% |              |       0.1795 |              |      5.0000e-20 |
|     187 |        7480 |       04:55:21 |       98.93% |              |       0.1663 |              |      5.0000e-20 |
|     188 |        7500 |       04:56:15 |       98.82% |       98.58% |       0.1983 |       0.2520 |      5.0000e-20 |
|     188 |        7520 |       04:57:00 |       98.75% |              |       0.2140 |              |      5.0000e-20 |
|     189 |        7540 |       04:57:47 |       99.01% |              |       0.1697 |              |      5.0000e-20 |
|     189 |        7560 |       04:58:32 |       98.85% |              |       0.2017 |              |      5.0000e-20 |
|     190 |        7580 |       04:59:19 |       99.13% |              |       0.1700 |              |      5.0000e-20 |
|     190 |        7600 |       05:00:10 |       99.10% |       98.61% |       0.1663 |       0.2427 |      5.0000e-20 |
|     191 |        7620 |       05:00:57 |       98.58% |              |       0.1584 |              |      5.0000e-21 |
|     191 |        7640 |       05:01:43 |       98.71% |              |       0.2283 |              |      5.0000e-21 |
|     192 |        7660 |       05:02:29 |       98.99% |              |       0.1830 |              |      5.0000e-21 |
|     192 |        7680 |       05:03:14 |       98.89% |              |       0.1627 |              |      5.0000e-21 |
|     193 |        7700 |       05:04:08 |       99.16% |       98.62% |       0.2319 |       0.2454 |      5.0000e-21 |
|     193 |        7720 |       05:04:53 |       98.86% |              |       0.1594 |              |      5.0000e-21 |
|     194 |        7740 |       05:05:40 |       99.08% |              |       0.1422 |              |      5.0000e-21 |
|     194 |        7760 |       05:06:25 |       98.94% |              |       0.2100 |              |      5.0000e-21 |
|     195 |        7780 |       05:07:12 |       98.48% |              |       0.1931 |              |      5.0000e-21 |
|     195 |        7800 |       05:08:04 |       98.94% |       98.55% |       0.1943 |       0.2498 |      5.0000e-21 |
|     196 |        7820 |       05:08:51 |       98.87% |              |       0.1593 |              |      5.0000e-21 |
|     196 |        7840 |       05:09:36 |       99.01% |              |       0.1660 |              |      5.0000e-21 |
|     197 |        7860 |       05:10:23 |       98.82% |              |       0.1874 |              |      5.0000e-21 |
|     197 |        7880 |       05:11:08 |       98.48% |              |       0.2100 |              |      5.0000e-21 |
|     198 |        7900 |       05:12:01 |       98.94% |       98.63% |       0.2394 |       0.2397 |      5.0000e-21 |
|     198 |        7920 |       05:12:47 |       98.68% |              |       0.1703 |              |      5.0000e-21 |
|     199 |        7940 |       05:13:34 |       98.77% |              |       0.2213 |              |      5.0000e-21 |
|     199 |        7960 |       05:14:19 |       98.96% |              |       0.1412 |              |      5.0000e-21 |
|     200 |        7980 |       05:15:06 |       98.65% |              |       0.2136 |              |      5.0000e-21 |
|     200 |        8000 |       05:15:57 |       98.88% |       98.62% |       0.1327 |       0.2489 |      5.0000e-21 |
|     201 |        8020 |       05:16:45 |       98.36% |              |       0.2021 |              |      5.0000e-22 |
|     201 |        8040 |       05:17:30 |       98.88% |              |       0.1857 |              |      5.0000e-22 |
|     202 |        8060 |       05:18:16 |       98.94% |              |       0.1567 |              |      5.0000e-22 |
|     202 |        8080 |       05:19:01 |       98.85% |              |       0.1772 |              |      5.0000e-22 |
|     203 |        8100 |       05:19:55 |       98.78% |       98.63% |       0.1915 |       0.2399 |      5.0000e-22 |
|     203 |        8120 |       05:20:40 |       98.81% |              |       0.2420 |              |      5.0000e-22 |
|     204 |        8140 |       05:21:27 |       98.76% |              |       0.1988 |              |      5.0000e-22 |
|     204 |        8160 |       05:22:12 |       99.01% |              |       0.1422 |              |      5.0000e-22 |
|     205 |        8180 |       05:22:59 |       98.67% |              |       0.1758 |              |      5.0000e-22 |
|     205 |        8200 |       05:23:51 |       98.94% |       98.58% |       0.2151 |       0.2473 |      5.0000e-22 |
|     206 |        8220 |       05:24:38 |       98.46% |              |       0.1727 |              |      5.0000e-22 |
|     206 |        8240 |       05:25:23 |       98.90% |              |       0.1963 |              |      5.0000e-22 |
|     207 |        8260 |       05:26:10 |       98.96% |              |       0.1860 |              |      5.0000e-22 |
|     207 |        8280 |       05:26:55 |       98.91% |              |       0.1993 |              |      5.0000e-22 |
|     208 |        8300 |       05:27:48 |       98.93% |       98.58% |       0.1924 |       0.2453 |      5.0000e-22 |
|     208 |        8320 |       05:28:34 |       98.98% |              |       0.1645 |              |      5.0000e-22 |
|     209 |        8340 |       05:29:21 |       98.81% |              |       0.2021 |              |      5.0000e-22 |
|     209 |        8360 |       05:30:06 |       98.80% |              |       0.2255 |              |      5.0000e-22 |
|     210 |        8380 |       05:30:53 |       98.95% |              |       0.1665 |              |      5.0000e-22 |
|     210 |        8400 |       05:31:44 |       98.82% |       98.58% |       0.2527 |       0.2462 |      5.0000e-22 |
|     211 |        8420 |       05:32:32 |       99.03% |              |       0.1593 |              |      5.0000e-23 |
|     211 |        8440 |       05:33:17 |       98.97% |              |       0.1761 |              |      5.0000e-23 |
|     212 |        8460 |       05:34:04 |       98.84% |              |       0.1984 |              |      5.0000e-23 |
|     212 |        8480 |       05:34:49 |       98.82% |              |       0.1430 |              |      5.0000e-23 |
|     213 |        8500 |       05:35:42 |       98.24% |       98.59% |       0.2201 |       0.2442 |      5.0000e-23 |
|     213 |        8520 |       05:36:28 |       99.03% |              |       0.1938 |              |      5.0000e-23 |
|     214 |        8540 |       05:37:15 |       98.70% |              |       0.1580 |              |      5.0000e-23 |
|     214 |        8560 |       05:38:00 |       99.17% |              |       0.1461 |              |      5.0000e-23 |
|     215 |        8580 |       05:38:47 |       99.01% |              |       0.1422 |              |      5.0000e-23 |
|     215 |        8600 |       05:39:39 |       98.78% |       98.60% |       0.1940 |       0.2458 |      5.0000e-23 |
|     216 |        8620 |       05:40:26 |       98.59% |              |       0.2362 |              |      5.0000e-23 |
|     216 |        8640 |       05:41:11 |       98.71% |              |       0.2171 |              |      5.0000e-23 |
|     217 |        8660 |       05:41:58 |       99.19% |              |       0.1606 |              |      5.0000e-23 |
|     217 |        8680 |       05:42:43 |       98.98% |              |       0.1349 |              |      5.0000e-23 |
|     218 |        8700 |       05:43:36 |       98.90% |       98.64% |       0.1682 |       0.2378 |      5.0000e-23 |
|     218 |        8720 |       05:44:22 |       99.09% |              |       0.1970 |              |      5.0000e-23 |
|     219 |        8740 |       05:45:09 |       98.89% |              |       0.1766 |              |      5.0000e-23 |
|     219 |        8760 |       05:45:54 |       98.75% |              |       0.1644 |              |      5.0000e-23 |
|     220 |        8780 |       05:46:41 |       98.52% |              |       0.2237 |              |      5.0000e-23 |
|     220 |        8800 |       05:47:32 |       98.90% |       98.63% |       0.1520 |       0.2405 |      5.0000e-23 |
|     221 |        8820 |       05:48:19 |       98.98% |              |       0.1901 |              |      5.0000e-24 |
|     221 |        8840 |       05:49:04 |       99.02% |              |       0.1715 |              |      5.0000e-24 |
|     222 |        8860 |       05:49:51 |       98.96% |              |       0.1713 |              |      5.0000e-24 |
|     222 |        8880 |       05:50:36 |       98.87% |              |       0.1429 |              |      5.0000e-24 |
|     223 |        8900 |       05:51:29 |       99.07% |       98.63% |       0.1547 |       0.2390 |      5.0000e-24 |
|     223 |        8920 |       05:52:15 |       98.99% |              |       0.1803 |              |      5.0000e-24 |
|     224 |        8940 |       05:53:02 |       98.84% |              |       0.1840 |              |      5.0000e-24 |
|     224 |        8960 |       05:53:47 |       99.06% |              |       0.1363 |              |      5.0000e-24 |
|     225 |        8980 |       05:54:34 |       98.56% |              |       0.1563 |              |      5.0000e-24 |
|     225 |        9000 |       05:55:25 |       99.02% |       98.55% |       0.1389 |       0.2481 |      5.0000e-24 |
|     226 |        9020 |       05:56:12 |       98.99% |              |       0.1718 |              |      5.0000e-24 |
|     226 |        9040 |       05:56:58 |       98.64% |              |       0.1854 |              |      5.0000e-24 |
|     227 |        9060 |       05:57:45 |       98.86% |              |       0.1608 |              |      5.0000e-24 |
|     227 |        9080 |       05:58:30 |       98.71% |              |       0.2425 |              |      5.0000e-24 |
|     228 |        9100 |       05:59:23 |       98.68% |       98.59% |       0.1777 |       0.2425 |      5.0000e-24 |
|     228 |        9120 |       06:00:09 |       98.78% |              |       0.1931 |              |      5.0000e-24 |
|     229 |        9140 |       06:00:56 |       98.99% |              |       0.1458 |              |      5.0000e-24 |
|     229 |        9160 |       06:01:41 |       98.77% |              |       0.1889 |              |      5.0000e-24 |
|     230 |        9180 |       06:02:28 |       98.64% |              |       0.2003 |              |      5.0000e-24 |
|     230 |        9200 |       06:03:19 |       98.65% |       98.61% |       0.2320 |       0.2428 |      5.0000e-24 |
|     231 |        9220 |       06:04:06 |       98.25% |              |       0.2007 |              |      5.0000e-25 |
|     231 |        9240 |       06:04:51 |       98.71% |              |       0.1744 |              |      5.0000e-25 |
|     232 |        9260 |       06:05:38 |       98.30% |              |       0.2120 |              |      5.0000e-25 |
|     232 |        9280 |       06:06:23 |       98.59% |              |       0.1536 |              |      5.0000e-25 |
|     233 |        9300 |       06:07:17 |       98.64% |       98.62% |       0.1712 |       0.2442 |      5.0000e-25 |
|     233 |        9320 |       06:08:02 |       98.73% |              |       0.1453 |              |      5.0000e-25 |
|     234 |        9340 |       06:08:49 |       98.83% |              |       0.2154 |              |      5.0000e-25 |
|     234 |        9360 |       06:09:34 |       98.65% |              |       0.1951 |              |      5.0000e-25 |
|     235 |        9380 |       06:10:21 |       98.86% |              |       0.1790 |              |      5.0000e-25 |
|     235 |        9400 |       06:11:12 |       98.79% |       98.55% |       0.1964 |       0.2419 |      5.0000e-25 |
|     236 |        9420 |       06:11:59 |       98.84% |              |       0.2218 |              |      5.0000e-25 |
|     236 |        9440 |       06:12:44 |       98.83% |              |       0.1461 |              |      5.0000e-25 |
|     237 |        9460 |       06:13:31 |       98.98% |              |       0.1515 |              |      5.0000e-25 |
|     237 |        9480 |       06:14:16 |       98.87% |              |       0.1409 |              |      5.0000e-25 |
|     238 |        9500 |       06:15:10 |       99.14% |       98.63% |       0.1737 |       0.2366 |      5.0000e-25 |
|     238 |        9520 |       06:15:56 |       98.75% |              |       0.1618 |              |      5.0000e-25 |
|     239 |        9540 |       06:16:42 |       98.58% |              |       0.3141 |              |      5.0000e-25 |
|     239 |        9560 |       06:17:28 |       98.41% |              |       0.2136 |              |      5.0000e-25 |
|     240 |        9580 |       06:18:14 |       98.82% |              |       0.2172 |              |      5.0000e-25 |
|     240 |        9600 |       06:19:06 |       98.99% |       98.59% |       0.1508 |       0.2482 |      5.0000e-25 |
|     241 |        9620 |       06:19:53 |       98.88% |              |       0.1605 |              |      5.0000e-26 |
|     241 |        9640 |       06:20:38 |       98.62% |              |       0.2411 |              |      5.0000e-26 |
|     242 |        9660 |       06:21:25 |       98.82% |              |       0.1648 |              |      5.0000e-26 |
|     242 |        9680 |       06:22:10 |       98.98% |              |       0.2140 |              |      5.0000e-26 |
|     243 |        9700 |       06:23:04 |       98.68% |       98.61% |       0.2131 |       0.2432 |      5.0000e-26 |
|     243 |        9720 |       06:23:50 |       99.08% |              |       0.1469 |              |      5.0000e-26 |
|     244 |        9740 |       06:24:36 |       98.66% |              |       0.1794 |              |      5.0000e-26 |
|     244 |        9760 |       06:25:21 |       99.03% |              |       0.1289 |              |      5.0000e-26 |
|     245 |        9780 |       06:26:08 |       99.04% |              |       0.1619 |              |      5.0000e-26 |
|     245 |        9800 |       06:27:00 |       98.96% |       98.63% |       0.1792 |       0.2435 |      5.0000e-26 |
|     246 |        9820 |       06:27:47 |       98.92% |              |       0.1613 |              |      5.0000e-26 |
|     246 |        9840 |       06:28:32 |       98.94% |              |       0.2278 |              |      5.0000e-26 |
|     247 |        9860 |       06:29:19 |       99.04% |              |       0.1806 |              |      5.0000e-26 |
|     247 |        9880 |       06:30:04 |       98.55% |              |       0.2891 |              |      5.0000e-26 |
|     248 |        9900 |       06:30:57 |       98.45% |       98.62% |       0.2374 |       0.2384 |      5.0000e-26 |
|     248 |        9920 |       06:31:43 |       99.02% |              |       0.1415 |              |      5.0000e-26 |
|     249 |        9940 |       06:32:30 |       98.81% |              |       0.2736 |              |      5.0000e-26 |
|     249 |        9960 |       06:33:15 |       98.86% |              |       0.2088 |              |      5.0000e-26 |
|     250 |        9980 |       06:34:02 |       99.04% |              |       0.1470 |              |      5.0000e-26 |
|     250 |       10000 |       06:34:53 |       98.98% |       98.62% |       0.1783 |       0.2380 |      5.0000e-26 |
|======================================================================================================================|
UNet trained. Check models directory
