
img_size =

   216   256    16     1

Training UNet...
[Warning: MATLAB has disabled some advanced graphics rendering features by switching to software OpenGL. For more information, click <a href="matlab:opengl('problems')">here</a>.] 
Initializing input data normalization.
|======================================================================================================================|
|  Epoch  |  Iteration  |  Time Elapsed  |  Mini-batch  |  Validation  |  Mini-batch  |  Validation  |  Base Learning  |
|         |             |   (hh:mm:ss)   |   Accuracy   |   Accuracy   |     Loss     |     Loss     |      Rate       |
|======================================================================================================================|
|       1 |           1 |       00:00:11 |       31.34% |       33.54% |       0.9488 |       0.9370 |          0.0500 |
|       1 |          20 |       00:00:53 |       66.09% |              |       0.8979 |              |          0.0500 |
|       1 |          40 |       00:01:36 |       81.68% |              |       0.7722 |              |          0.0500 |
|       2 |          60 |       00:02:20 |       91.94% |              |       0.8429 |              |          0.0500 |
|       2 |          80 |       00:03:03 |       93.88% |              |       0.7700 |              |          0.0500 |
|       3 |         100 |       00:03:54 |       94.37% |       95.02% |       0.7659 |       0.6386 |          0.0500 |
|       3 |         120 |       00:04:38 |       95.53% |              |       0.4708 |              |          0.0500 |
|       4 |         140 |       00:05:22 |       97.18% |              |       0.3931 |              |          0.0500 |
|       4 |         160 |       00:06:06 |       96.47% |              |       0.5159 |              |          0.0500 |
|       5 |         180 |       00:06:51 |       96.83% |              |       0.4883 |              |          0.0500 |
|       5 |         200 |       00:07:40 |       98.45% |       97.13% |       0.2716 |       0.4513 |          0.0500 |
|       6 |         220 |       00:08:26 |       97.33% |              |       0.3833 |              |          0.0500 |
|       6 |         240 |       00:09:10 |       96.28% |              |       0.5552 |              |          0.0500 |
|       7 |         260 |       00:09:54 |       97.26% |              |       0.4223 |              |          0.0500 |
|       7 |         280 |       00:10:38 |       98.01% |              |       0.3487 |              |          0.0500 |
|       8 |         300 |       00:11:30 |       97.63% |       97.67% |       0.3776 |       0.3863 |          0.0500 |
|       8 |         320 |       00:12:14 |       96.58% |              |       0.5464 |              |          0.0500 |
|       9 |         340 |       00:12:59 |       97.84% |              |       0.2864 |              |          0.0500 |
|       9 |         360 |       00:13:43 |       97.75% |              |       0.2952 |              |          0.0500 |
|      10 |         380 |       00:14:28 |       97.67% |              |       0.3609 |              |          0.0500 |
|      10 |         400 |       00:15:18 |       98.28% |       97.36% |       0.2430 |       0.3829 |          0.0500 |
|      11 |         420 |       00:16:03 |       98.09% |              |       0.2796 |              |          0.0050 |
|      11 |         440 |       00:16:47 |       98.21% |              |       0.2489 |              |          0.0050 |
|      12 |         460 |       00:17:32 |       98.33% |              |       0.2489 |              |          0.0050 |
|      12 |         480 |       00:18:16 |       97.65% |              |       0.2934 |              |          0.0050 |
|      13 |         500 |       00:19:07 |       98.26% |       97.94% |       0.2356 |       0.3334 |          0.0050 |
|      13 |         520 |       00:19:51 |       98.18% |              |       0.2756 |              |          0.0050 |
|      14 |         540 |       00:20:36 |       97.43% |              |       0.2912 |              |          0.0050 |
|      14 |         560 |       00:21:20 |       98.72% |              |       0.1563 |              |          0.0050 |
|      15 |         580 |       00:22:05 |       97.28% |              |       0.3270 |              |          0.0050 |
|      15 |         600 |       00:22:55 |       98.16% |       98.01% |       0.3801 |       0.3078 |          0.0050 |
|      16 |         620 |       00:23:40 |       98.50% |              |       0.3074 |              |          0.0050 |
|      16 |         640 |       00:24:24 |       98.36% |              |       0.2725 |              |          0.0050 |
|      17 |         660 |       00:25:09 |       98.32% |              |       0.3088 |              |          0.0050 |
|      17 |         680 |       00:25:53 |       97.77% |              |       0.3102 |              |          0.0050 |
|      18 |         700 |       00:26:44 |       98.48% |       98.06% |       0.2886 |       0.3119 |          0.0050 |
|      18 |         720 |       00:27:28 |       98.46% |              |       0.2704 |              |          0.0050 |
|      19 |         740 |       00:28:13 |       97.92% |              |       0.3114 |              |          0.0050 |
|      19 |         760 |       00:28:57 |       98.53% |              |       0.2156 |              |          0.0050 |
|      20 |         780 |       00:29:42 |       98.34% |              |       0.3062 |              |          0.0050 |
|      20 |         800 |       00:30:32 |       98.31% |       98.04% |       0.2812 |       0.3143 |          0.0050 |
|      21 |         820 |       00:31:17 |       98.48% |              |       0.3204 |              |          0.0005 |
|      21 |         840 |       00:32:01 |       98.38% |              |       0.3056 |              |          0.0005 |
|      22 |         860 |       00:32:46 |       98.26% |              |       0.2938 |              |          0.0005 |
|      22 |         880 |       00:33:30 |       98.08% |              |       0.3486 |              |          0.0005 |
|      23 |         900 |       00:34:21 |       98.77% |       98.06% |       0.2435 |       0.3089 |          0.0005 |
|      23 |         920 |       00:35:05 |       97.78% |              |       0.3291 |              |          0.0005 |
|      24 |         940 |       00:35:50 |       98.44% |              |       0.2254 |              |          0.0005 |
|      24 |         960 |       00:36:34 |       98.56% |              |       0.2342 |              |          0.0005 |
|      25 |         980 |       00:37:19 |       97.77% |              |       0.3539 |              |          0.0005 |
|      25 |        1000 |       00:38:09 |       98.30% |       98.04% |       0.2692 |       0.3081 |          0.0005 |
|      26 |        1020 |       00:38:54 |       98.56% |              |       0.2183 |              |          0.0005 |
|      26 |        1040 |       00:39:38 |       98.55% |              |       0.2050 |              |          0.0005 |
|      27 |        1060 |       00:40:23 |       97.44% |              |       0.4345 |              |          0.0005 |
|      27 |        1080 |       00:41:06 |       98.61% |              |       0.1966 |              |          0.0005 |
|      28 |        1100 |       00:41:58 |       98.62% |       98.02% |       0.1865 |       0.3102 |          0.0005 |
|      28 |        1120 |       00:42:42 |       98.23% |              |       0.3278 |              |          0.0005 |
|      29 |        1140 |       00:43:27 |       97.82% |              |       0.2761 |              |          0.0005 |
|      29 |        1160 |       00:44:10 |       97.78% |              |       0.2923 |              |          0.0005 |
|      30 |        1180 |       00:44:55 |       98.08% |              |       0.4146 |              |          0.0005 |
|      30 |        1200 |       00:45:46 |       98.84% |       98.10% |       0.1917 |       0.3095 |          0.0005 |
|      31 |        1220 |       00:46:31 |       98.22% |              |       0.2033 |              |      5.0000e-05 |
|      31 |        1240 |       00:47:15 |       98.39% |              |       0.1941 |              |      5.0000e-05 |
|      32 |        1260 |       00:48:00 |       98.31% |              |       0.2334 |              |      5.0000e-05 |
|      32 |        1280 |       00:48:43 |       97.90% |              |       0.4024 |              |      5.0000e-05 |
|      33 |        1300 |       00:49:35 |       98.33% |       98.12% |       0.3142 |       0.3100 |      5.0000e-05 |
|      33 |        1320 |       00:50:19 |       98.21% |              |       0.3761 |              |      5.0000e-05 |
|      34 |        1340 |       00:51:04 |       98.67% |              |       0.2021 |              |      5.0000e-05 |
|      34 |        1360 |       00:51:48 |       97.77% |              |       0.2452 |              |      5.0000e-05 |
|      35 |        1380 |       00:52:33 |       98.26% |              |       0.2040 |              |      5.0000e-05 |
|      35 |        1400 |       00:53:23 |       98.39% |       98.11% |       0.2624 |       0.3016 |      5.0000e-05 |
|      36 |        1420 |       00:54:08 |       98.51% |              |       0.2123 |              |      5.0000e-05 |
|      36 |        1440 |       00:54:52 |       98.75% |              |       0.2156 |              |      5.0000e-05 |
|      37 |        1460 |       00:55:37 |       98.83% |              |       0.1695 |              |      5.0000e-05 |
|      37 |        1480 |       00:56:20 |       98.86% |              |       0.1494 |              |      5.0000e-05 |
|      38 |        1500 |       00:57:11 |       98.57% |       98.14% |       0.2208 |       0.3019 |      5.0000e-05 |
|      38 |        1520 |       00:57:56 |       98.73% |              |       0.2104 |              |      5.0000e-05 |
|      39 |        1540 |       00:58:41 |       98.20% |              |       0.2341 |              |      5.0000e-05 |
|      39 |        1560 |       00:59:25 |       97.70% |              |       0.3867 |              |      5.0000e-05 |
|      40 |        1580 |       01:00:10 |       98.16% |              |       0.2536 |              |      5.0000e-05 |
|      40 |        1600 |       01:01:00 |       98.22% |       98.13% |       0.3530 |       0.2983 |      5.0000e-05 |
|      41 |        1620 |       01:01:45 |       98.30% |              |       0.2472 |              |      5.0000e-06 |
|      41 |        1640 |       01:02:29 |       98.71% |              |       0.2344 |              |      5.0000e-06 |
|      42 |        1660 |       01:03:14 |       98.56% |              |       0.2130 |              |      5.0000e-06 |
|      42 |        1680 |       01:03:57 |       98.49% |              |       0.2404 |              |      5.0000e-06 |
|      43 |        1700 |       01:04:49 |       98.58% |       98.11% |       0.2237 |       0.3073 |      5.0000e-06 |
|      43 |        1720 |       01:05:33 |       98.53% |              |       0.2832 |              |      5.0000e-06 |
|      44 |        1740 |       01:06:18 |       98.60% |              |       0.2422 |              |      5.0000e-06 |
|      44 |        1760 |       01:07:01 |       98.62% |              |       0.2251 |              |      5.0000e-06 |
|      45 |        1780 |       01:07:46 |       98.48% |              |       0.2126 |              |      5.0000e-06 |
|      45 |        1800 |       01:08:36 |       98.35% |       98.09% |       0.3159 |       0.3132 |      5.0000e-06 |
|      46 |        1820 |       01:09:22 |       98.58% |              |       0.2314 |              |      5.0000e-06 |
|      46 |        1840 |       01:10:06 |       98.20% |              |       0.2637 |              |      5.0000e-06 |
|      47 |        1860 |       01:10:51 |       97.85% |              |       0.3279 |              |      5.0000e-06 |
|      47 |        1880 |       01:11:34 |       98.84% |              |       0.2210 |              |      5.0000e-06 |
|      48 |        1900 |       01:12:25 |       98.77% |       98.04% |       0.2448 |       0.3102 |      5.0000e-06 |
|      48 |        1920 |       01:13:09 |       97.70% |              |       0.3000 |              |      5.0000e-06 |
|      49 |        1940 |       01:13:55 |       98.20% |              |       0.3486 |              |      5.0000e-06 |
|      49 |        1960 |       01:14:38 |       98.56% |              |       0.2022 |              |      5.0000e-06 |
|      50 |        1980 |       01:15:24 |       97.94% |              |       0.3899 |              |      5.0000e-06 |
|      50 |        2000 |       01:16:14 |       98.25% |       98.11% |       0.2230 |       0.3053 |      5.0000e-06 |
|      51 |        2020 |       01:16:59 |       98.67% |              |       0.1914 |              |      5.0000e-07 |
|      51 |        2040 |       01:17:43 |       97.84% |              |       0.2683 |              |      5.0000e-07 |
|      52 |        2060 |       01:18:28 |       98.45% |              |       0.2297 |              |      5.0000e-07 |
|      52 |        2080 |       01:19:11 |       98.78% |              |       0.2351 |              |      5.0000e-07 |
|      53 |        2100 |       01:20:03 |       98.48% |       98.11% |       0.2370 |       0.3050 |      5.0000e-07 |
|      53 |        2120 |       01:20:47 |       98.00% |              |       0.3667 |              |      5.0000e-07 |
|      54 |        2140 |       01:21:32 |       98.54% |              |       0.2205 |              |      5.0000e-07 |
|      54 |        2160 |       01:22:16 |       98.79% |              |       0.1921 |              |      5.0000e-07 |
|      55 |        2180 |       01:23:01 |       98.39% |              |       0.2602 |              |      5.0000e-07 |
|      55 |        2200 |       01:23:51 |       98.61% |       98.12% |       0.1677 |       0.3063 |      5.0000e-07 |
|      56 |        2220 |       01:24:36 |       98.16% |              |       0.3372 |              |      5.0000e-07 |
|      56 |        2240 |       01:25:20 |       98.91% |              |       0.2326 |              |      5.0000e-07 |
|      57 |        2260 |       01:26:05 |       98.18% |              |       0.2388 |              |      5.0000e-07 |
|      57 |        2280 |       01:26:49 |       98.86% |              |       0.2533 |              |      5.0000e-07 |
|      58 |        2300 |       01:27:40 |       98.94% |       98.08% |       0.1984 |       0.3105 |      5.0000e-07 |
|      58 |        2320 |       01:28:24 |       98.64% |              |       0.1983 |              |      5.0000e-07 |
|      59 |        2340 |       01:29:09 |       98.10% |              |       0.2771 |              |      5.0000e-07 |
|      59 |        2360 |       01:29:53 |       97.76% |              |       0.2926 |              |      5.0000e-07 |
|      60 |        2380 |       01:30:37 |       98.65% |              |       0.1753 |              |      5.0000e-07 |
|      60 |        2400 |       01:31:28 |       98.49% |       98.11% |       0.2424 |       0.3026 |      5.0000e-07 |
|      61 |        2420 |       01:32:13 |       97.79% |              |       0.3525 |              |      5.0000e-08 |
|      61 |        2440 |       01:32:57 |       98.43% |              |       0.2324 |              |      5.0000e-08 |
|      62 |        2460 |       01:33:42 |       98.22% |              |       0.2703 |              |      5.0000e-08 |
|      62 |        2480 |       01:34:25 |       98.65% |              |       0.2112 |              |      5.0000e-08 |
|      63 |        2500 |       01:35:17 |       98.38% |       98.07% |       0.2752 |       0.3084 |      5.0000e-08 |
|      63 |        2520 |       01:36:01 |       97.54% |              |       0.2861 |              |      5.0000e-08 |
|      64 |        2540 |       01:36:46 |       98.54% |              |       0.2277 |              |      5.0000e-08 |
|      64 |        2560 |       01:37:30 |       98.05% |              |       0.3095 |              |      5.0000e-08 |
|      65 |        2580 |       01:38:15 |       98.37% |              |       0.2256 |              |      5.0000e-08 |
|      65 |        2600 |       01:39:05 |       98.43% |       98.01% |       0.2404 |       0.3110 |      5.0000e-08 |
|      66 |        2620 |       01:39:50 |       98.67% |              |       0.2150 |              |      5.0000e-08 |
|      66 |        2640 |       01:40:34 |       98.57% |              |       0.2845 |              |      5.0000e-08 |
|      67 |        2660 |       01:41:19 |       98.69% |              |       0.2830 |              |      5.0000e-08 |
|      67 |        2680 |       01:42:03 |       98.51% |              |       0.1703 |              |      5.0000e-08 |
|      68 |        2700 |       01:42:54 |       98.37% |       98.10% |       0.2896 |       0.3147 |      5.0000e-08 |
|      68 |        2720 |       01:43:38 |       98.58% |              |       0.1856 |              |      5.0000e-08 |
|      69 |        2740 |       01:44:23 |       98.74% |              |       0.2128 |              |      5.0000e-08 |
|      69 |        2760 |       01:45:07 |       98.30% |              |       0.2887 |              |      5.0000e-08 |
|      70 |        2780 |       01:45:51 |       98.14% |              |       0.2126 |              |      5.0000e-08 |
|      70 |        2800 |       01:46:42 |       98.61% |       98.09% |       0.2284 |       0.3035 |      5.0000e-08 |
|      71 |        2820 |       01:47:27 |       98.28% |              |       0.2292 |              |      5.0000e-09 |
|      71 |        2840 |       01:48:11 |       98.86% |              |       0.1962 |              |      5.0000e-09 |
|      72 |        2860 |       01:48:56 |       98.36% |              |       0.2582 |              |      5.0000e-09 |
|      72 |        2880 |       01:49:40 |       98.47% |              |       0.2376 |              |      5.0000e-09 |
|      73 |        2900 |       01:50:31 |       97.52% |       98.01% |       0.3161 |       0.3130 |      5.0000e-09 |
|      73 |        2920 |       01:51:15 |       98.73% |              |       0.2218 |              |      5.0000e-09 |
|      74 |        2940 |       01:52:01 |       98.72% |              |       0.1949 |              |      5.0000e-09 |
|      74 |        2960 |       01:52:44 |       98.45% |              |       0.2879 |              |      5.0000e-09 |
|      75 |        2980 |       01:53:30 |       97.98% |              |       0.2216 |              |      5.0000e-09 |
|      75 |        3000 |       01:54:20 |       98.34% |       98.15% |       0.2523 |       0.2998 |      5.0000e-09 |
|      76 |        3020 |       01:55:05 |       98.54% |              |       0.2132 |              |      5.0000e-09 |
|      76 |        3040 |       01:55:49 |       98.76% |              |       0.1933 |              |      5.0000e-09 |
|      77 |        3060 |       01:56:34 |       97.80% |              |       0.2767 |              |      5.0000e-09 |
|      77 |        3080 |       01:57:17 |       98.02% |              |       0.3773 |              |      5.0000e-09 |
|      78 |        3100 |       01:58:09 |       97.34% |       98.07% |       0.3619 |       0.3115 |      5.0000e-09 |
|      78 |        3120 |       01:58:53 |       98.42% |              |       0.2304 |              |      5.0000e-09 |
|      79 |        3140 |       01:59:38 |       98.62% |              |       0.2145 |              |      5.0000e-09 |
|      79 |        3160 |       02:00:22 |       98.20% |              |       0.2597 |              |      5.0000e-09 |
|      80 |        3180 |       02:01:07 |       98.01% |              |       0.2733 |              |      5.0000e-09 |
|      80 |        3200 |       02:01:57 |       98.59% |       98.12% |       0.2654 |       0.2998 |      5.0000e-09 |
|      81 |        3220 |       02:02:42 |       98.45% |              |       0.2382 |              |      5.0000e-10 |
|      81 |        3240 |       02:03:26 |       97.63% |              |       0.4065 |              |      5.0000e-10 |
|      82 |        3260 |       02:04:11 |       98.53% |              |       0.2772 |              |      5.0000e-10 |
|      82 |        3280 |       02:04:54 |       98.22% |              |       0.3122 |              |      5.0000e-10 |
|      83 |        3300 |       02:05:46 |       97.84% |       98.10% |       0.3039 |       0.3092 |      5.0000e-10 |
|      83 |        3320 |       02:06:30 |       97.54% |              |       0.2892 |              |      5.0000e-10 |
|      84 |        3340 |       02:07:15 |       98.64% |              |       0.2230 |              |      5.0000e-10 |
|      84 |        3360 |       02:07:58 |       98.57% |              |       0.2722 |              |      5.0000e-10 |
|      85 |        3380 |       02:08:43 |       98.34% |              |       0.2384 |              |      5.0000e-10 |
|      85 |        3400 |       02:09:34 |       98.39% |       98.14% |       0.1883 |       0.3060 |      5.0000e-10 |
|      86 |        3420 |       02:10:19 |       98.78% |              |       0.1958 |              |      5.0000e-10 |
|      86 |        3440 |       02:11:03 |       98.45% |              |       0.2013 |              |      5.0000e-10 |
|      87 |        3460 |       02:11:48 |       98.71% |              |       0.2324 |              |      5.0000e-10 |
|      87 |        3480 |       02:12:31 |       98.36% |              |       0.2907 |              |      5.0000e-10 |
|      88 |        3500 |       02:13:23 |       98.76% |       98.08% |       0.2348 |       0.3089 |      5.0000e-10 |
|      88 |        3520 |       02:14:07 |       98.20% |              |       0.3101 |              |      5.0000e-10 |
|      89 |        3540 |       02:14:52 |       98.71% |              |       0.2163 |              |      5.0000e-10 |
|      89 |        3560 |       02:15:35 |       98.78% |              |       0.1846 |              |      5.0000e-10 |
|      90 |        3580 |       02:16:20 |       98.03% |              |       0.2369 |              |      5.0000e-10 |
|      90 |        3600 |       02:17:10 |       97.79% |       98.16% |       0.2810 |       0.2969 |      5.0000e-10 |
|      91 |        3620 |       02:17:56 |       97.72% |              |       0.3352 |              |      5.0000e-11 |
|      91 |        3640 |       02:18:39 |       98.11% |              |       0.2690 |              |      5.0000e-11 |
|      92 |        3660 |       02:19:24 |       98.61% |              |       0.2303 |              |      5.0000e-11 |
|      92 |        3680 |       02:20:08 |       98.96% |              |       0.1623 |              |      5.0000e-11 |
|      93 |        3700 |       02:20:59 |       98.17% |       98.13% |       0.2967 |       0.3050 |      5.0000e-11 |
|      93 |        3720 |       02:21:44 |       98.59% |              |       0.2238 |              |      5.0000e-11 |
|      94 |        3740 |       02:22:28 |       99.02% |              |       0.1529 |              |      5.0000e-11 |
|      94 |        3760 |       02:23:12 |       98.03% |              |       0.3761 |              |      5.0000e-11 |
|      95 |        3780 |       02:23:57 |       98.82% |              |       0.1811 |              |      5.0000e-11 |
|      95 |        3800 |       02:24:47 |       98.55% |       98.00% |       0.2482 |       0.3066 |      5.0000e-11 |
|      96 |        3820 |       02:25:32 |       98.72% |              |       0.1714 |              |      5.0000e-11 |
|      96 |        3840 |       02:26:16 |       98.53% |              |       0.2344 |              |      5.0000e-11 |
|      97 |        3860 |       02:27:01 |       98.58% |              |       0.2599 |              |      5.0000e-11 |
|      97 |        3880 |       02:27:45 |       98.42% |              |       0.2395 |              |      5.0000e-11 |
|      98 |        3900 |       02:28:36 |       98.62% |       98.03% |       0.2447 |       0.3165 |      5.0000e-11 |
|      98 |        3920 |       02:29:21 |       98.76% |              |       0.1982 |              |      5.0000e-11 |
|      99 |        3940 |       02:30:05 |       98.52% |              |       0.2215 |              |      5.0000e-11 |
|      99 |        3960 |       02:30:49 |       97.69% |              |       0.2937 |              |      5.0000e-11 |
|     100 |        3980 |       02:31:34 |       98.47% |              |       0.2324 |              |      5.0000e-11 |
|     100 |        4000 |       02:32:24 |       98.41% |       98.11% |       0.2484 |       0.3029 |      5.0000e-11 |
|     101 |        4020 |       02:33:10 |       98.51% |              |       0.2441 |              |      5.0000e-12 |
|     101 |        4040 |       02:33:53 |       98.31% |              |       0.2752 |              |      5.0000e-12 |
|     102 |        4060 |       02:34:38 |       98.82% |              |       0.1719 |              |      5.0000e-12 |
|     102 |        4080 |       02:35:22 |       97.95% |              |       0.2561 |              |      5.0000e-12 |
|     103 |        4100 |       02:36:14 |       97.10% |       98.07% |       0.3981 |       0.3048 |      5.0000e-12 |
|     103 |        4120 |       02:36:58 |       98.48% |              |       0.2341 |              |      5.0000e-12 |
|     104 |        4140 |       02:37:43 |       98.31% |              |       0.2513 |              |      5.0000e-12 |
|     104 |        4160 |       02:38:27 |       97.62% |              |       0.2775 |              |      5.0000e-12 |
|     105 |        4180 |       02:39:12 |       98.46% |              |       0.2507 |              |      5.0000e-12 |
|     105 |        4200 |       02:40:02 |       98.19% |       98.13% |       0.3165 |       0.3005 |      5.0000e-12 |
|     106 |        4220 |       02:40:47 |       98.53% |              |       0.1821 |              |      5.0000e-12 |
|     106 |        4240 |       02:41:31 |       98.05% |              |       0.3735 |              |      5.0000e-12 |
|     107 |        4260 |       02:42:16 |       98.67% |              |       0.2070 |              |      5.0000e-12 |
|     107 |        4280 |       02:43:00 |       97.92% |              |       0.3392 |              |      5.0000e-12 |
|     108 |        4300 |       02:43:51 |       98.56% |       98.09% |       0.1716 |       0.3059 |      5.0000e-12 |
|     108 |        4320 |       02:44:35 |       98.79% |              |       0.1929 |              |      5.0000e-12 |
|     109 |        4340 |       02:45:20 |       98.52% |              |       0.2190 |              |      5.0000e-12 |
|     109 |        4360 |       02:46:04 |       98.63% |              |       0.1698 |              |      5.0000e-12 |
|     110 |        4380 |       02:46:48 |       98.62% |              |       0.2351 |              |      5.0000e-12 |
|     110 |        4400 |       02:47:38 |       98.74% |       98.06% |       0.2104 |       0.3086 |      5.0000e-12 |
|     111 |        4420 |       02:48:24 |       98.31% |              |       0.2101 |              |      5.0000e-13 |
|     111 |        4440 |       02:49:08 |       97.96% |              |       0.3320 |              |      5.0000e-13 |
|     112 |        4460 |       02:49:52 |       98.87% |              |       0.1651 |              |      5.0000e-13 |
|     112 |        4480 |       02:50:36 |       98.33% |              |       0.2605 |              |      5.0000e-13 |
|     113 |        4500 |       02:51:27 |       98.19% |       98.09% |       0.2739 |       0.3076 |      5.0000e-13 |
|     113 |        4520 |       02:52:12 |       97.30% |              |       0.3320 |              |      5.0000e-13 |
|     114 |        4540 |       02:52:57 |       98.55% |              |       0.2323 |              |      5.0000e-13 |
|     114 |        4560 |       02:53:40 |       98.88% |              |       0.1803 |              |      5.0000e-13 |
|     115 |        4580 |       02:54:25 |       98.80% |              |       0.1440 |              |      5.0000e-13 |
|     115 |        4600 |       02:55:15 |       98.84% |       98.08% |       0.1949 |       0.3071 |      5.0000e-13 |
|     116 |        4620 |       02:56:01 |       98.56% |              |       0.2082 |              |      5.0000e-13 |
|     116 |        4640 |       02:56:44 |       98.67% |              |       0.1723 |              |      5.0000e-13 |
|     117 |        4660 |       02:57:29 |       97.71% |              |       0.3138 |              |      5.0000e-13 |
|     117 |        4680 |       02:58:13 |       98.44% |              |       0.2349 |              |      5.0000e-13 |
|     118 |        4700 |       02:59:04 |       97.68% |       98.11% |       0.3052 |       0.3034 |      5.0000e-13 |
|     118 |        4720 |       02:59:49 |       98.09% |              |       0.3150 |              |      5.0000e-13 |
|     119 |        4740 |       03:00:34 |       98.54% |              |       0.2482 |              |      5.0000e-13 |
|     119 |        4760 |       03:01:17 |       97.20% |              |       0.3630 |              |      5.0000e-13 |
|     120 |        4780 |       03:02:02 |       98.89% |              |       0.2273 |              |      5.0000e-13 |
|     120 |        4800 |       03:02:52 |       97.75% |       98.06% |       0.2977 |       0.3084 |      5.0000e-13 |
|     121 |        4820 |       03:03:38 |       97.99% |              |       0.2194 |              |      5.0000e-14 |
|     121 |        4840 |       03:04:21 |       98.28% |              |       0.2206 |              |      5.0000e-14 |
|     122 |        4860 |       03:05:06 |       98.15% |              |       0.2678 |              |      5.0000e-14 |
|     122 |        4880 |       03:05:50 |       97.20% |              |       0.3631 |              |      5.0000e-14 |
|     123 |        4900 |       03:06:41 |       98.02% |       98.12% |       0.2511 |       0.3016 |      5.0000e-14 |
|     123 |        4920 |       03:07:25 |       98.78% |              |       0.2068 |              |      5.0000e-14 |
|     124 |        4940 |       03:08:10 |       98.50% |              |       0.2984 |              |      5.0000e-14 |
|     124 |        4960 |       03:08:54 |       98.85% |              |       0.1664 |              |      5.0000e-14 |
|     125 |        4980 |       03:09:39 |       98.43% |              |       0.2276 |              |      5.0000e-14 |
|     125 |        5000 |       03:10:29 |       98.29% |       98.06% |       0.2777 |       0.3075 |      5.0000e-14 |
|     126 |        5020 |       03:11:14 |       98.96% |              |       0.1912 |              |      5.0000e-14 |
|     126 |        5040 |       03:11:58 |       98.46% |              |       0.2172 |              |      5.0000e-14 |
|     127 |        5060 |       03:12:43 |       98.34% |              |       0.2248 |              |      5.0000e-14 |
|     127 |        5080 |       03:13:27 |       98.30% |              |       0.2208 |              |      5.0000e-14 |
|     128 |        5100 |       03:14:18 |       98.75% |       98.07% |       0.1766 |       0.3108 |      5.0000e-14 |
|     128 |        5120 |       03:15:03 |       98.72% |              |       0.2331 |              |      5.0000e-14 |
|     129 |        5140 |       03:15:48 |       98.35% |              |       0.2550 |              |      5.0000e-14 |
|     129 |        5160 |       03:16:31 |       98.32% |              |       0.2393 |              |      5.0000e-14 |
|     130 |        5180 |       03:17:16 |       98.69% |              |       0.1890 |              |      5.0000e-14 |
|     130 |        5200 |       03:18:06 |       98.27% |       98.09% |       0.2452 |       0.3131 |      5.0000e-14 |
|     131 |        5220 |       03:18:52 |       98.49% |              |       0.1835 |              |      5.0000e-15 |
|     131 |        5240 |       03:19:36 |       98.60% |              |       0.2767 |              |      5.0000e-15 |
|     132 |        5260 |       03:20:21 |       98.75% |              |       0.2042 |              |      5.0000e-15 |
|     132 |        5280 |       03:21:05 |       98.77% |              |       0.2089 |              |      5.0000e-15 |
|     133 |        5300 |       03:21:56 |       97.84% |       98.14% |       0.4323 |       0.3032 |      5.0000e-15 |
|     133 |        5320 |       03:22:40 |       97.94% |              |       0.2732 |              |      5.0000e-15 |
|     134 |        5340 |       03:23:25 |       98.72% |              |       0.1773 |              |      5.0000e-15 |
|     134 |        5360 |       03:24:09 |       98.24% |              |       0.3200 |              |      5.0000e-15 |
|     135 |        5380 |       03:24:54 |       98.54% |              |       0.2619 |              |      5.0000e-15 |
|     135 |        5400 |       03:25:44 |       98.33% |       98.03% |       0.2734 |       0.3144 |      5.0000e-15 |
|     136 |        5420 |       03:26:29 |       98.16% |              |       0.2704 |              |      5.0000e-15 |
|     136 |        5440 |       03:27:13 |       98.55% |              |       0.2291 |              |      5.0000e-15 |
|     137 |        5460 |       03:27:58 |       97.85% |              |       0.3909 |              |      5.0000e-15 |
|     137 |        5480 |       03:28:42 |       98.31% |              |       0.3099 |              |      5.0000e-15 |
|     138 |        5500 |       03:29:33 |       98.64% |       98.07% |       0.2379 |       0.3127 |      5.0000e-15 |
|     138 |        5520 |       03:30:17 |       98.05% |              |       0.2499 |              |      5.0000e-15 |
|     139 |        5540 |       03:31:02 |       98.48% |              |       0.2153 |              |      5.0000e-15 |
|     139 |        5560 |       03:31:46 |       98.61% |              |       0.1929 |              |      5.0000e-15 |
|     140 |        5580 |       03:32:31 |       98.36% |              |       0.2126 |              |      5.0000e-15 |
|     140 |        5600 |       03:33:21 |       98.19% |       98.14% |       0.2646 |       0.3073 |      5.0000e-15 |
|     141 |        5620 |       03:34:06 |       98.54% |              |       0.2041 |              |      5.0000e-16 |
|     141 |        5640 |       03:34:50 |       98.24% |              |       0.2918 |              |      5.0000e-16 |
|     142 |        5660 |       03:35:35 |       98.66% |              |       0.2251 |              |      5.0000e-16 |
|     142 |        5680 |       03:36:18 |       98.63% |              |       0.2016 |              |      5.0000e-16 |
|     143 |        5700 |       03:37:10 |       98.27% |       98.07% |       0.2879 |       0.3059 |      5.0000e-16 |
|     143 |        5720 |       03:37:54 |       98.47% |              |       0.2218 |              |      5.0000e-16 |
|     144 |        5740 |       03:38:39 |       98.49% |              |       0.2487 |              |      5.0000e-16 |
|     144 |        5760 |       03:39:23 |       98.56% |              |       0.2430 |              |      5.0000e-16 |
|     145 |        5780 |       03:40:08 |       97.65% |              |       0.3248 |              |      5.0000e-16 |
|     145 |        5800 |       03:40:58 |       98.54% |       98.09% |       0.2630 |       0.3040 |      5.0000e-16 |
|     146 |        5820 |       03:41:43 |       98.66% |              |       0.1601 |              |      5.0000e-16 |
|     146 |        5840 |       03:42:27 |       98.57% |              |       0.2022 |              |      5.0000e-16 |
|     147 |        5860 |       03:43:12 |       98.70% |              |       0.1723 |              |      5.0000e-16 |
|     147 |        5880 |       03:43:56 |       98.46% |              |       0.2464 |              |      5.0000e-16 |
|     148 |        5900 |       03:44:47 |       98.41% |       98.04% |       0.3645 |       0.3166 |      5.0000e-16 |
|     148 |        5920 |       03:45:31 |       97.99% |              |       0.2402 |              |      5.0000e-16 |
|     149 |        5940 |       03:46:16 |       98.44% |              |       0.1956 |              |      5.0000e-16 |
|     149 |        5960 |       03:47:00 |       98.79% |              |       0.1788 |              |      5.0000e-16 |
|     150 |        5980 |       03:47:45 |       98.65% |              |       0.2154 |              |      5.0000e-16 |
|     150 |        6000 |       03:48:35 |       98.06% |       98.11% |       0.3430 |       0.3034 |      5.0000e-16 |
|======================================================================================================================|
UNet trained. Check models directory
